Determining if the pthread_create exist failed with the following output:
Change Dir: /home/6im2/crouss20/Bureau/Temple_Run/build/CMakeFiles/CMakeTmp

Run Build Command:"/usr/bin/make" "cmTC_20fd2/fast"
/usr/bin/make -f CMakeFiles/cmTC_20fd2.dir/build.make CMakeFiles/cmTC_20fd2.dir/build
make[1] : on entre dans le répertoire « /home/6im2/crouss20/Bureau/Temple_Run/build/CMakeFiles/CMakeTmp »
Building C object CMakeFiles/cmTC_20fd2.dir/CheckSymbolExists.c.o
/usr/bin/cc     -o CMakeFiles/cmTC_20fd2.dir/CheckSymbolExists.c.o   -c /home/6im2/crouss20/Bureau/Temple_Run/build/CMakeFiles/CMakeTmp/CheckSymbolExists.c
Linking C executable cmTC_20fd2
/usr/bin/cmake -E cmake_link_script CMakeFiles/cmTC_20fd2.dir/link.txt --verbose=1
/usr/bin/cc       CMakeFiles/cmTC_20fd2.dir/CheckSymbolExists.c.o  -o cmTC_20fd2 -rdynamic 
CMakeFiles/cmTC_20fd2.dir/CheckSymbolExists.c.o : Dans la fonction « main » :
CheckSymbolExists.c:(.text+0x1b) : référence indéfinie vers « pthread_create »
collect2: error: ld returned 1 exit status
CMakeFiles/cmTC_20fd2.dir/build.make:97 : la recette pour la cible « cmTC_20fd2 » a échouée
make[1]: *** [cmTC_20fd2] Erreur 1
make[1] : on quitte le répertoire « /home/6im2/crouss20/Bureau/Temple_Run/build/CMakeFiles/CMakeTmp »
Makefile:126 : la recette pour la cible « cmTC_20fd2/fast » a échouée
make: *** [cmTC_20fd2/fast] Erreur 2

File /home/6im2/crouss20/Bureau/Temple_Run/build/CMakeFiles/CMakeTmp/CheckSymbolExists.c:
/* */
#include <pthread.h>

int main(int argc, char** argv)
{
  (void)argv;
#ifndef pthread_create
  return ((int*)(&pthread_create))[argc];
#else
  (void)argc;
  return 0;
#endif
}

Determining if the function pthread_create exists in the pthreads failed with the following output:
Change Dir: /home/6im2/crouss20/Bureau/Temple_Run/build/CMakeFiles/CMakeTmp

Run Build Command:"/usr/bin/make" "cmTC_f9fdd/fast"
/usr/bin/make -f CMakeFiles/cmTC_f9fdd.dir/build.make CMakeFiles/cmTC_f9fdd.dir/build
make[1] : on entre dans le répertoire « /home/6im2/crouss20/Bureau/Temple_Run/build/CMakeFiles/CMakeTmp »
Building C object CMakeFiles/cmTC_f9fdd.dir/CheckFunctionExists.c.o
/usr/bin/cc    -DCHECK_FUNCTION_EXISTS=pthread_create   -o CMakeFiles/cmTC_f9fdd.dir/CheckFunctionExists.c.o   -c /usr/share/cmake-3.7/Modules/CheckFunctionExists.c
Linking C executable cmTC_f9fdd
/usr/bin/cmake -E cmake_link_script CMakeFiles/cmTC_f9fdd.dir/link.txt --verbose=1
/usr/bin/cc   -DCHECK_FUNCTION_EXISTS=pthread_create    CMakeFiles/cmTC_f9fdd.dir/CheckFunctionExists.c.o  -o cmTC_f9fdd -rdynamic -lpthreads 
/usr/bin/ld : ne peut trouver -lpthreads
collect2: error: ld returned 1 exit status
CMakeFiles/cmTC_f9fdd.dir/build.make:97 : la recette pour la cible « cmTC_f9fdd » a échouée
make[1]: *** [cmTC_f9fdd] Erreur 1
make[1] : on quitte le répertoire « /home/6im2/crouss20/Bureau/Temple_Run/build/CMakeFiles/CMakeTmp »
Makefile:126 : la recette pour la cible « cmTC_f9fdd/fast » a échouée
make: *** [cmTC_f9fdd/fast] Erreur 2


