Determining if the pthread_create exist failed with the following output:
Change Dir: /home/amina/Desktop/Temple Run/Build/CMakeFiles/CMakeTmp

Run Build Command:"/usr/bin/make" "cmTC_044ea/fast"
/usr/bin/make -f CMakeFiles/cmTC_044ea.dir/build.make CMakeFiles/cmTC_044ea.dir/build
make[1]: Entering directory '/home/amina/Desktop/Temple Run/Build/CMakeFiles/CMakeTmp'
Building C object CMakeFiles/cmTC_044ea.dir/CheckSymbolExists.c.o
/usr/bin/cc    -o CMakeFiles/cmTC_044ea.dir/CheckSymbolExists.c.o   -c "/home/amina/Desktop/Temple Run/Build/CMakeFiles/CMakeTmp/CheckSymbolExists.c"
Linking C executable cmTC_044ea
/usr/bin/cmake -E cmake_link_script CMakeFiles/cmTC_044ea.dir/link.txt --verbose=1
/usr/bin/cc      -rdynamic CMakeFiles/cmTC_044ea.dir/CheckSymbolExists.c.o  -o cmTC_044ea 
CMakeFiles/cmTC_044ea.dir/CheckSymbolExists.c.o: In function `main':
CheckSymbolExists.c:(.text+0x1b): undefined reference to `pthread_create'
collect2: error: ld returned 1 exit status
CMakeFiles/cmTC_044ea.dir/build.make:97: recipe for target 'cmTC_044ea' failed
make[1]: *** [cmTC_044ea] Error 1
make[1]: Leaving directory '/home/amina/Desktop/Temple Run/Build/CMakeFiles/CMakeTmp'
Makefile:126: recipe for target 'cmTC_044ea/fast' failed
make: *** [cmTC_044ea/fast] Error 2

File /home/amina/Desktop/Temple Run/Build/CMakeFiles/CMakeTmp/CheckSymbolExists.c:
/* */
#include <pthread.h>

int main(int argc, char** argv)
{
  (void)argv;
#ifndef pthread_create
  return ((int*)(&pthread_create))[argc];
#else
  (void)argc;
  return 0;
#endif
}

Determining if the function pthread_create exists in the pthreads failed with the following output:
Change Dir: /home/amina/Desktop/Temple Run/Build/CMakeFiles/CMakeTmp

Run Build Command:"/usr/bin/make" "cmTC_27f55/fast"
/usr/bin/make -f CMakeFiles/cmTC_27f55.dir/build.make CMakeFiles/cmTC_27f55.dir/build
make[1]: Entering directory '/home/amina/Desktop/Temple Run/Build/CMakeFiles/CMakeTmp'
Building C object CMakeFiles/cmTC_27f55.dir/CheckFunctionExists.c.o
/usr/bin/cc   -DCHECK_FUNCTION_EXISTS=pthread_create   -o CMakeFiles/cmTC_27f55.dir/CheckFunctionExists.c.o   -c /usr/share/cmake-3.10/Modules/CheckFunctionExists.c
Linking C executable cmTC_27f55
/usr/bin/cmake -E cmake_link_script CMakeFiles/cmTC_27f55.dir/link.txt --verbose=1
/usr/bin/cc  -DCHECK_FUNCTION_EXISTS=pthread_create    -rdynamic CMakeFiles/cmTC_27f55.dir/CheckFunctionExists.c.o  -o cmTC_27f55 -lpthreads 
/usr/bin/ld: cannot find -lpthreads
collect2: error: ld returned 1 exit status
CMakeFiles/cmTC_27f55.dir/build.make:97: recipe for target 'cmTC_27f55' failed
make[1]: *** [cmTC_27f55] Error 1
make[1]: Leaving directory '/home/amina/Desktop/Temple Run/Build/CMakeFiles/CMakeTmp'
Makefile:126: recipe for target 'cmTC_27f55/fast' failed
make: *** [cmTC_27f55/fast] Error 2


